<?xml version="1.0" encoding="UTF-8"?>
<!-- Generated by org.testng.reporters.JUnitReportReporter -->
<testsuite hostname="LAPTOP-GJN7IITN" failures="0" tests="3" name="com.revature.pages.FitBuddyTest" time="1.754" errors="0" timestamp="2020-09-26T14:41:33 EDT" skipped="0">
  <testcase classname="com.revature.pages.FitBuddyTest" name="confirmHomePage" time="0.021"/>
  <system-out/>
  <testcase classname="com.revature.pages.FitBuddyTest" name="f" time="0.002"/>
  <system-out/>
  <testcase classname="com.revature.pages.FitBuddyTest" name="loginWorks" time="1.731"/>
  <system-out/>
</testsuite> <!-- com.revature.pages.FitBuddyTest -->
